{
"contracts\\Raffle.sol":{"l":{"51":3,"52":3,"53":3,"54":3,"56":3,"57":3,"58":3,"59":3,"65":5,"66":1,"68":4,"69":1,"71":3,"72":3,"87":1,"88":1,"89":1,"90":1,"91":1,"97":1,"98":1,"99":0,"105":1,"106":1,"113":1,"120":0,"121":0,"122":0,"123":0,"124":0,"125":0,"126":0,"127":0,"128":0,"130":0,"135":5,"140":1,"145":0,"149":1,"153":0,"157":1,"161":0,"165":0,"169":6},"path":"C:\\Users\\David\\Desktop\\BlockChain\\LotteryPatrick\\contracts\\Raffle.sol","s":{"1":3,"2":3,"3":3,"4":3,"5":3,"6":3,"7":3,"8":3,"9":5,"10":4,"11":3,"12":3,"13":1,"14":1,"15":1,"16":1,"17":1,"18":1,"19":1,"20":1,"21":1,"22":1,"23":0,"24":0,"25":0,"26":0,"27":0,"28":0,"29":0,"30":0,"31":0,"32":5,"33":1,"34":0,"35":1,"36":0,"37":1,"38":0,"39":0,"40":6},"b":{"1":[1,4],"2":[1,3],"3":[0,1],"4":[0,0]},"f":{"1":3,"2":5,"3":1,"4":1,"5":0,"6":5,"7":1,"8":0,"9":1,"10":0,"11":1,"12":0,"13":0,"14":6},"fnMap":{"1":{"name":"constructor","line":50,"loc":{"start":{"line":43,"column":2},"end":{"line":61,"column":2}}},"2":{"name":"enterRaffle","line":64,"loc":{"start":{"line":64,"column":2},"end":{"line":73,"column":2}}},"3":{"name":"checkUpkeep","line":76,"loc":{"start":{"line":76,"column":2},"end":{"line":92,"column":2}}},"4":{"name":"performUpkeep","line":94,"loc":{"start":{"line":94,"column":2},"end":{"line":114,"column":2}}},"5":{"name":"fulfillRandomWords","line":116,"loc":{"start":{"line":116,"column":2},"end":{"line":131,"column":2}}},"6":{"name":"getEntranceFee","line":134,"loc":{"start":{"line":134,"column":2},"end":{"line":136,"column":2}}},"7":{"name":"getPlayer","line":139,"loc":{"start":{"line":139,"column":2},"end":{"line":141,"column":2}}},"8":{"name":"getRecentWinner","line":144,"loc":{"start":{"line":144,"column":2},"end":{"line":146,"column":2}}},"9":{"name":"getRaffleState","line":148,"loc":{"start":{"line":148,"column":2},"end":{"line":150,"column":2}}},"10":{"name":"getNumWords","line":152,"loc":{"start":{"line":152,"column":2},"end":{"line":154,"column":2}}},"11":{"name":"getNumberOfPlayers","line":156,"loc":{"start":{"line":156,"column":2},"end":{"line":158,"column":2}}},"12":{"name":"getLatestTimeStamp","line":160,"loc":{"start":{"line":160,"column":2},"end":{"line":162,"column":2}}},"13":{"name":"getRequestComfrimations","line":164,"loc":{"start":{"line":164,"column":2},"end":{"line":166,"column":2}}},"14":{"name":"getInterval","line":168,"loc":{"start":{"line":168,"column":2},"end":{"line":170,"column":2}}}},"statementMap":{"1":{"start":{"line":51,"column":4},"end":{"line":51,"column":30}},"2":{"start":{"line":52,"column":4},"end":{"line":52,"column":65}},"3":{"start":{"line":53,"column":4},"end":{"line":53,"column":22}},"4":{"start":{"line":54,"column":4},"end":{"line":54,"column":24}},"5":{"start":{"line":56,"column":4},"end":{"line":56,"column":36}},"6":{"start":{"line":57,"column":4},"end":{"line":57,"column":40}},"7":{"start":{"line":58,"column":4},"end":{"line":58,"column":35}},"8":{"start":{"line":59,"column":4},"end":{"line":59,"column":36}},"9":{"start":{"line":65,"column":4},"end":{"line":65,"column":2062}},"10":{"start":{"line":68,"column":4},"end":{"line":68,"column":2145}},"11":{"start":{"line":71,"column":4},"end":{"line":71,"column":38}},"12":{"start":{"line":72,"column":4},"end":{"line":72,"column":32}},"13":{"start":{"line":87,"column":4},"end":{"line":87,"column":53}},"14":{"start":{"line":88,"column":4},"end":{"line":88,"column":72}},"15":{"start":{"line":89,"column":4},"end":{"line":89,"column":44}},"16":{"start":{"line":90,"column":4},"end":{"line":90,"column":49}},"17":{"start":{"line":91,"column":4},"end":{"line":91,"column":68}},"18":{"start":{"line":97,"column":4},"end":{"line":97,"column":43}},"19":{"start":{"line":98,"column":4},"end":{"line":98,"column":2972}},"20":{"start":{"line":105,"column":4},"end":{"line":105,"column":42}},"21":{"start":{"line":106,"column":4},"end":{"line":106,"column":3189}},"22":{"start":{"line":113,"column":4},"end":{"line":113,"column":41}},"23":{"start":{"line":120,"column":4},"end":{"line":120,"column":61}},"24":{"start":{"line":121,"column":4},"end":{"line":121,"column":59}},"25":{"start":{"line":122,"column":4},"end":{"line":122,"column":32}},"26":{"start":{"line":123,"column":4},"end":{"line":123,"column":35}},"27":{"start":{"line":124,"column":4},"end":{"line":124,"column":39}},"28":{"start":{"line":125,"column":4},"end":{"line":125,"column":36}},"29":{"start":{"line":126,"column":4},"end":{"line":126,"column":76}},"30":{"start":{"line":127,"column":4},"end":{"line":127,"column":3908}},"31":{"start":{"line":130,"column":4},"end":{"line":130,"column":35}},"32":{"start":{"line":135,"column":4},"end":{"line":135,"column":24}},"33":{"start":{"line":140,"column":4},"end":{"line":140,"column":27}},"34":{"start":{"line":145,"column":4},"end":{"line":145,"column":25}},"35":{"start":{"line":149,"column":4},"end":{"line":149,"column":24}},"36":{"start":{"line":153,"column":4},"end":{"line":153,"column":20}},"37":{"start":{"line":157,"column":4},"end":{"line":157,"column":27}},"38":{"start":{"line":161,"column":4},"end":{"line":161,"column":26}},"39":{"start":{"line":165,"column":4},"end":{"line":165,"column":32}},"40":{"start":{"line":169,"column":4},"end":{"line":169,"column":21}}},"branchMap":{"1":{"line":65,"type":"if","locations":[{"start":{"line":65,"column":4},"end":{"line":65,"column":4}},{"start":{"line":65,"column":4},"end":{"line":65,"column":4}}]},"2":{"line":68,"type":"if","locations":[{"start":{"line":68,"column":4},"end":{"line":68,"column":4}},{"start":{"line":68,"column":4},"end":{"line":68,"column":4}}]},"3":{"line":98,"type":"if","locations":[{"start":{"line":98,"column":4},"end":{"line":98,"column":4}},{"start":{"line":98,"column":4},"end":{"line":98,"column":4}}]},"4":{"line":127,"type":"if","locations":[{"start":{"line":127,"column":4},"end":{"line":127,"column":4}},{"start":{"line":127,"column":4},"end":{"line":127,"column":4}}]}}},
"contracts\\test\\VRFCoordinatorV2.sol":{"l":{},"path":"C:\\Users\\David\\Desktop\\BlockChain\\LotteryPatrick\\contracts\\test\\VRFCoordinatorV2.sol","s":{},"b":{},"f":{},"fnMap":{},"statementMap":{},"branchMap":{}}}
