TN:
SF:C:\Users\David\Desktop\BlockChain\LotteryPatrick\contracts\Raffle.sol
FN:50,constructor
FN:64,enterRaffle
FN:76,checkUpkeep
FN:94,performUpkeep
FN:116,fulfillRandomWords
FN:134,getEntranceFee
FN:139,getPlayer
FN:144,getRecentWinner
FN:148,getRaffleState
FN:152,getNumWords
FN:156,getNumberOfPlayers
FN:160,getLatestTimeStamp
FN:164,getRequestComfrimations
FN:168,getInterval
FNF:14
FNH:9
FNDA:3,constructor
FNDA:5,enterRaffle
FNDA:1,checkUpkeep
FNDA:1,performUpkeep
FNDA:0,fulfillRandomWords
FNDA:5,getEntranceFee
FNDA:1,getPlayer
FNDA:0,getRecentWinner
FNDA:1,getRaffleState
FNDA:0,getNumWords
FNDA:1,getNumberOfPlayers
FNDA:0,getLatestTimeStamp
FNDA:0,getRequestComfrimations
FNDA:6,getInterval
DA:51,3
DA:52,3
DA:53,3
DA:54,3
DA:56,3
DA:57,3
DA:58,3
DA:59,3
DA:65,5
DA:66,1
DA:68,4
DA:69,1
DA:71,3
DA:72,3
DA:87,1
DA:88,1
DA:89,1
DA:90,1
DA:91,1
DA:97,1
DA:98,1
DA:99,0
DA:105,1
DA:106,1
DA:113,1
DA:120,0
DA:121,0
DA:122,0
DA:123,0
DA:124,0
DA:125,0
DA:126,0
DA:127,0
DA:128,0
DA:130,0
DA:135,5
DA:140,1
DA:145,0
DA:149,1
DA:153,0
DA:157,1
DA:161,0
DA:165,0
DA:169,6
LF:44
LH:29
BRDA:65,1,0,1
BRDA:65,1,1,4
BRDA:68,2,0,1
BRDA:68,2,1,3
BRDA:98,3,0,0
BRDA:98,3,1,1
BRDA:127,4,0,0
BRDA:127,4,1,0
BRF:8
BRH:5
end_of_record
TN:
SF:C:\Users\David\Desktop\BlockChain\LotteryPatrick\contracts\test\VRFCoordinatorV2.sol
FNF:0
FNH:0
LF:0
LH:0
BRF:0
BRH:0
end_of_record
